<?xml version="1.0" encoding="UTF-8"?>
<testsuite name="com.bridgelabz.userregistrationjunit.UserRegistrationTest" tests="1" skipped="0" failures="0" errors="0" timestamp="2022-04-03T07:16:41" hostname="DESKTOP-4E0R7JF" time="0.039">
  <properties/>
  <testcase name="givenNumberValues_WhenNotProper_ShouldReturnFalse()" classname="com.bridgelabz.userregistrationjunit.UserRegistrationTest" time="0.039"/>
  <system-out><![CDATA[]]></system-out>
  <system-err><![CDATA[]]></system-err>
</testsuite>
